Compiled jquery.js  (3ms)  (pid 8431)
Compiled jquery_ujs.js  (0ms)  (pid 8431)
Compiled twitter/bootstrap/bootstrap-transition.js  (0ms)  (pid 8431)
Compiled twitter/bootstrap/bootstrap-alert.js  (0ms)  (pid 8431)
Compiled twitter/bootstrap/bootstrap-modal.js  (0ms)  (pid 8431)
Compiled twitter/bootstrap/bootstrap-dropdown.js  (0ms)  (pid 8431)
Compiled twitter/bootstrap/bootstrap-scrollspy.js  (0ms)  (pid 8431)
Compiled twitter/bootstrap/bootstrap-tab.js  (0ms)  (pid 8431)
Compiled twitter/bootstrap/bootstrap-tooltip.js  (0ms)  (pid 8431)
Compiled twitter/bootstrap/bootstrap-popover.js  (0ms)  (pid 8431)
Compiled twitter/bootstrap/bootstrap-button.js  (0ms)  (pid 8431)
Compiled twitter/bootstrap/bootstrap-collapse.js  (0ms)  (pid 8431)
Compiled twitter/bootstrap/bootstrap-carousel.js  (0ms)  (pid 8431)
Compiled twitter/bootstrap/bootstrap-typeahead.js  (0ms)  (pid 8431)
Compiled twitter/bootstrap/bootstrap-affix.js  (0ms)  (pid 8431)
Compiled twitter/bootstrap.js  (184ms)  (pid 8431)
Compiled bootstrap.js  (87ms)  (pid 8431)
Compiled comments.js  (0ms)  (pid 8431)
Compiled parties.js  (0ms)  (pid 8431)
Compiled sessions.js  (1ms)  (pid 8431)
Compiled shares.js  (0ms)  (pid 8431)
Compiled static_pages.js  (0ms)  (pid 8431)
Compiled suggestions.js  (0ms)  (pid 8431)
Compiled application.js  (510ms)  (pid 8431)
Compiled bootstrap_and_overrides.css  (1371ms)  (pid 8431)
Compiled parties.css  (13ms)  (pid 8431)
Compiled scaffolds.css  (1ms)  (pid 8431)
Compiled sessions.css  (1ms)  (pid 8431)
Compiled shares.css  (1ms)  (pid 8431)
Compiled static_pages.css  (1ms)  (pid 8431)
Compiled application.css  (1442ms)  (pid 8431)
Compiled jquery.js  (2ms)  (pid 8431)
Compiled jquery_ujs.js  (0ms)  (pid 8431)
Compiled twitter/bootstrap/bootstrap-transition.js  (0ms)  (pid 8431)
Compiled twitter/bootstrap/bootstrap-alert.js  (0ms)  (pid 8431)
Compiled twitter/bootstrap/bootstrap-modal.js  (0ms)  (pid 8431)
Compiled twitter/bootstrap/bootstrap-dropdown.js  (0ms)  (pid 8431)
Compiled twitter/bootstrap/bootstrap-scrollspy.js  (0ms)  (pid 8431)
Compiled twitter/bootstrap/bootstrap-tab.js  (0ms)  (pid 8431)
Compiled twitter/bootstrap/bootstrap-tooltip.js  (0ms)  (pid 8431)
Compiled twitter/bootstrap/bootstrap-popover.js  (0ms)  (pid 8431)
Compiled twitter/bootstrap/bootstrap-button.js  (0ms)  (pid 8431)
Compiled twitter/bootstrap/bootstrap-collapse.js  (0ms)  (pid 8431)
Compiled twitter/bootstrap/bootstrap-carousel.js  (0ms)  (pid 8431)
Compiled twitter/bootstrap/bootstrap-typeahead.js  (0ms)  (pid 8431)
Compiled twitter/bootstrap/bootstrap-affix.js  (0ms)  (pid 8431)
Compiled twitter/bootstrap.js  (138ms)  (pid 8431)
Compiled bootstrap.js  (86ms)  (pid 8431)
Compiled comments.js  (0ms)  (pid 8431)
Compiled parties.js  (0ms)  (pid 8431)
Compiled sessions.js  (0ms)  (pid 8431)
Compiled shares.js  (0ms)  (pid 8431)
Compiled static_pages.js  (0ms)  (pid 8431)
Compiled suggestions.js  (0ms)  (pid 8431)
Compiled application.js  (369ms)  (pid 8431)
Compiled bootstrap_and_overrides.css  (829ms)  (pid 8431)
Compiled parties.css  (52ms)  (pid 8431)
Compiled scaffolds.css  (1ms)  (pid 8431)
Compiled sessions.css  (1ms)  (pid 8431)
Compiled shares.css  (1ms)  (pid 8431)
Compiled static_pages.css  (1ms)  (pid 8431)
Compiled application.css  (923ms)  (pid 8431)
Compiled jquery.js  (3ms)  (pid 11467)
Compiled jquery_ujs.js  (0ms)  (pid 11467)
Compiled twitter/bootstrap/bootstrap-transition.js  (0ms)  (pid 11467)
Compiled twitter/bootstrap/bootstrap-alert.js  (0ms)  (pid 11467)
Compiled twitter/bootstrap/bootstrap-modal.js  (0ms)  (pid 11467)
Compiled twitter/bootstrap/bootstrap-dropdown.js  (0ms)  (pid 11467)
Compiled twitter/bootstrap/bootstrap-scrollspy.js  (0ms)  (pid 11467)
Compiled twitter/bootstrap/bootstrap-tab.js  (0ms)  (pid 11467)
Compiled twitter/bootstrap/bootstrap-tooltip.js  (0ms)  (pid 11467)
Compiled twitter/bootstrap/bootstrap-popover.js  (0ms)  (pid 11467)
Compiled twitter/bootstrap/bootstrap-button.js  (0ms)  (pid 11467)
Compiled twitter/bootstrap/bootstrap-collapse.js  (0ms)  (pid 11467)
Compiled twitter/bootstrap/bootstrap-carousel.js  (0ms)  (pid 11467)
Compiled twitter/bootstrap/bootstrap-typeahead.js  (0ms)  (pid 11467)
Compiled twitter/bootstrap/bootstrap-affix.js  (0ms)  (pid 11467)
Compiled twitter/bootstrap.js  (140ms)  (pid 11467)
Compiled bootstrap.js  (85ms)  (pid 11467)
Compiled comments.js  (0ms)  (pid 11467)
Compiled parties.js  (0ms)  (pid 11467)
Compiled sessions.js  (0ms)  (pid 11467)
Compiled shares.js  (0ms)  (pid 11467)
Compiled static_pages.js  (0ms)  (pid 11467)
Compiled suggestions.js  (0ms)  (pid 11467)
Compiled application.js  (367ms)  (pid 11467)
Compiled bootstrap_and_overrides.css  (964ms)  (pid 11467)
Compiled parties.css  (7ms)  (pid 11467)
Compiled scaffolds.css  (1ms)  (pid 11467)
Compiled sessions.css  (1ms)  (pid 11467)
Compiled shares.css  (1ms)  (pid 11467)
Compiled static_pages.css  (1ms)  (pid 11467)
Compiled application.css  (1058ms)  (pid 11467)
Compiled jquery.js  (2ms)  (pid 11467)
Compiled jquery_ujs.js  (0ms)  (pid 11467)
Compiled twitter/bootstrap/bootstrap-transition.js  (0ms)  (pid 11467)
Compiled twitter/bootstrap/bootstrap-alert.js  (0ms)  (pid 11467)
Compiled twitter/bootstrap/bootstrap-modal.js  (0ms)  (pid 11467)
Compiled twitter/bootstrap/bootstrap-dropdown.js  (0ms)  (pid 11467)
Compiled twitter/bootstrap/bootstrap-scrollspy.js  (0ms)  (pid 11467)
Compiled twitter/bootstrap/bootstrap-tab.js  (0ms)  (pid 11467)
Compiled twitter/bootstrap/bootstrap-tooltip.js  (0ms)  (pid 11467)
Compiled twitter/bootstrap/bootstrap-popover.js  (0ms)  (pid 11467)
Compiled twitter/bootstrap/bootstrap-button.js  (0ms)  (pid 11467)
Compiled twitter/bootstrap/bootstrap-collapse.js  (0ms)  (pid 11467)
Compiled twitter/bootstrap/bootstrap-carousel.js  (0ms)  (pid 11467)
Compiled twitter/bootstrap/bootstrap-typeahead.js  (0ms)  (pid 11467)
Compiled twitter/bootstrap/bootstrap-affix.js  (0ms)  (pid 11467)
Compiled twitter/bootstrap.js  (166ms)  (pid 11467)
Compiled bootstrap.js  (86ms)  (pid 11467)
Compiled comments.js  (0ms)  (pid 11467)
Compiled parties.js  (0ms)  (pid 11467)
Compiled sessions.js  (0ms)  (pid 11467)
Compiled shares.js  (0ms)  (pid 11467)
Compiled static_pages.js  (0ms)  (pid 11467)
Compiled suggestions.js  (0ms)  (pid 11467)
Compiled application.js  (410ms)  (pid 11467)
Compiled bootstrap_and_overrides.css  (808ms)  (pid 11467)
Compiled parties.css  (48ms)  (pid 11467)
Compiled scaffolds.css  (1ms)  (pid 11467)
Compiled sessions.css  (1ms)  (pid 11467)
Compiled shares.css  (1ms)  (pid 11467)
Compiled static_pages.css  (1ms)  (pid 11467)
Compiled application.css  (896ms)  (pid 11467)
Compiled jquery.js  (2ms)  (pid 11506)
Compiled jquery_ujs.js  (0ms)  (pid 11506)
Compiled twitter/bootstrap/bootstrap-transition.js  (0ms)  (pid 11506)
Compiled twitter/bootstrap/bootstrap-alert.js  (0ms)  (pid 11506)
Compiled twitter/bootstrap/bootstrap-modal.js  (0ms)  (pid 11506)
Compiled twitter/bootstrap/bootstrap-dropdown.js  (0ms)  (pid 11506)
Compiled twitter/bootstrap/bootstrap-scrollspy.js  (0ms)  (pid 11506)
Compiled twitter/bootstrap/bootstrap-tab.js  (0ms)  (pid 11506)
Compiled twitter/bootstrap/bootstrap-tooltip.js  (0ms)  (pid 11506)
Compiled twitter/bootstrap/bootstrap-popover.js  (0ms)  (pid 11506)
Compiled twitter/bootstrap/bootstrap-button.js  (0ms)  (pid 11506)
Compiled twitter/bootstrap/bootstrap-collapse.js  (0ms)  (pid 11506)
Compiled twitter/bootstrap/bootstrap-carousel.js  (0ms)  (pid 11506)
Compiled twitter/bootstrap/bootstrap-typeahead.js  (0ms)  (pid 11506)
Compiled twitter/bootstrap/bootstrap-affix.js  (0ms)  (pid 11506)
Compiled twitter/bootstrap.js  (149ms)  (pid 11506)
Compiled bootstrap.js  (81ms)  (pid 11506)
Compiled comments.js  (0ms)  (pid 11506)
Compiled parties.js  (0ms)  (pid 11506)
Compiled sessions.js  (0ms)  (pid 11506)
Compiled shares.js  (0ms)  (pid 11506)
Compiled static_pages.js  (0ms)  (pid 11506)
Compiled suggestions.js  (0ms)  (pid 11506)
Compiled application.js  (379ms)  (pid 11506)
Compiled bootstrap_and_overrides.css  (1067ms)  (pid 11506)
Compiled parties.css  (7ms)  (pid 11506)
Compiled scaffolds.css  (1ms)  (pid 11506)
Compiled sessions.css  (1ms)  (pid 11506)
Compiled shares.css  (1ms)  (pid 11506)
Compiled static_pages.css  (1ms)  (pid 11506)
Compiled application.css  (1158ms)  (pid 11506)
Compiled jquery.js  (4ms)  (pid 11506)
Compiled jquery_ujs.js  (0ms)  (pid 11506)
Compiled twitter/bootstrap/bootstrap-transition.js  (0ms)  (pid 11506)
Compiled twitter/bootstrap/bootstrap-alert.js  (0ms)  (pid 11506)
Compiled twitter/bootstrap/bootstrap-modal.js  (0ms)  (pid 11506)
Compiled twitter/bootstrap/bootstrap-dropdown.js  (0ms)  (pid 11506)
Compiled twitter/bootstrap/bootstrap-scrollspy.js  (0ms)  (pid 11506)
Compiled twitter/bootstrap/bootstrap-tab.js  (0ms)  (pid 11506)
Compiled twitter/bootstrap/bootstrap-tooltip.js  (0ms)  (pid 11506)
Compiled twitter/bootstrap/bootstrap-popover.js  (0ms)  (pid 11506)
Compiled twitter/bootstrap/bootstrap-button.js  (0ms)  (pid 11506)
Compiled twitter/bootstrap/bootstrap-collapse.js  (1ms)  (pid 11506)
Compiled twitter/bootstrap/bootstrap-carousel.js  (0ms)  (pid 11506)
Compiled twitter/bootstrap/bootstrap-typeahead.js  (0ms)  (pid 11506)
Compiled twitter/bootstrap/bootstrap-affix.js  (0ms)  (pid 11506)
Compiled twitter/bootstrap.js  (176ms)  (pid 11506)
Compiled bootstrap.js  (88ms)  (pid 11506)
Compiled comments.js  (0ms)  (pid 11506)
Compiled parties.js  (0ms)  (pid 11506)
Compiled sessions.js  (0ms)  (pid 11506)
Compiled shares.js  (0ms)  (pid 11506)
Compiled static_pages.js  (0ms)  (pid 11506)
Compiled suggestions.js  (0ms)  (pid 11506)
Compiled application.js  (448ms)  (pid 11506)
Compiled bootstrap_and_overrides.css  (812ms)  (pid 11506)
Compiled parties.css  (125ms)  (pid 11506)
Compiled scaffolds.css  (1ms)  (pid 11506)
Compiled sessions.css  (1ms)  (pid 11506)
Compiled shares.css  (1ms)  (pid 11506)
Compiled static_pages.css  (1ms)  (pid 11506)
Compiled application.css  (979ms)  (pid 11506)
Compiled jquery.js  (3ms)  (pid 11870)
Compiled jquery_ujs.js  (0ms)  (pid 11870)
Compiled twitter/bootstrap/bootstrap-transition.js  (0ms)  (pid 11870)
Compiled twitter/bootstrap/bootstrap-alert.js  (0ms)  (pid 11870)
Compiled twitter/bootstrap/bootstrap-modal.js  (0ms)  (pid 11870)
Compiled twitter/bootstrap/bootstrap-dropdown.js  (0ms)  (pid 11870)
Compiled twitter/bootstrap/bootstrap-scrollspy.js  (4ms)  (pid 11870)
Compiled twitter/bootstrap/bootstrap-tab.js  (0ms)  (pid 11870)
Compiled twitter/bootstrap/bootstrap-tooltip.js  (0ms)  (pid 11870)
Compiled twitter/bootstrap/bootstrap-popover.js  (0ms)  (pid 11870)
Compiled twitter/bootstrap/bootstrap-button.js  (0ms)  (pid 11870)
Compiled twitter/bootstrap/bootstrap-collapse.js  (0ms)  (pid 11870)
Compiled twitter/bootstrap/bootstrap-carousel.js  (0ms)  (pid 11870)
Compiled twitter/bootstrap/bootstrap-typeahead.js  (0ms)  (pid 11870)
Compiled twitter/bootstrap/bootstrap-affix.js  (0ms)  (pid 11870)
Compiled twitter/bootstrap.js  (174ms)  (pid 11870)
Compiled bootstrap.js  (86ms)  (pid 11870)
Compiled comments.js  (0ms)  (pid 11870)
Compiled parties.js  (0ms)  (pid 11870)
Compiled sessions.js  (0ms)  (pid 11870)
Compiled shares.js  (0ms)  (pid 11870)
Compiled static_pages.js  (0ms)  (pid 11870)
Compiled suggestions.js  (0ms)  (pid 11870)
Compiled application.js  (428ms)  (pid 11870)
Compiled bootstrap_and_overrides.css  (985ms)  (pid 11870)
Compiled parties.css  (7ms)  (pid 11870)
Compiled scaffolds.css  (1ms)  (pid 11870)
Compiled sessions.css  (1ms)  (pid 11870)
Compiled shares.css  (1ms)  (pid 11870)
Compiled static_pages.css  (1ms)  (pid 11870)
Compiled application.css  (1032ms)  (pid 11870)
Compiled jquery.js  (4ms)  (pid 11870)
Compiled jquery_ujs.js  (0ms)  (pid 11870)
Compiled twitter/bootstrap/bootstrap-transition.js  (0ms)  (pid 11870)
Compiled twitter/bootstrap/bootstrap-alert.js  (0ms)  (pid 11870)
Compiled twitter/bootstrap/bootstrap-modal.js  (0ms)  (pid 11870)
Compiled twitter/bootstrap/bootstrap-dropdown.js  (0ms)  (pid 11870)
Compiled twitter/bootstrap/bootstrap-scrollspy.js  (0ms)  (pid 11870)
Compiled twitter/bootstrap/bootstrap-tab.js  (0ms)  (pid 11870)
Compiled twitter/bootstrap/bootstrap-tooltip.js  (0ms)  (pid 11870)
Compiled twitter/bootstrap/bootstrap-popover.js  (0ms)  (pid 11870)
Compiled twitter/bootstrap/bootstrap-button.js  (0ms)  (pid 11870)
Compiled twitter/bootstrap/bootstrap-collapse.js  (0ms)  (pid 11870)
Compiled twitter/bootstrap/bootstrap-carousel.js  (0ms)  (pid 11870)
Compiled twitter/bootstrap/bootstrap-typeahead.js  (0ms)  (pid 11870)
Compiled twitter/bootstrap/bootstrap-affix.js  (0ms)  (pid 11870)
Compiled twitter/bootstrap.js  (271ms)  (pid 11870)
Compiled bootstrap.js  (104ms)  (pid 11870)
Compiled comments.js  (1ms)  (pid 11870)
Compiled parties.js  (0ms)  (pid 11870)
Compiled sessions.js  (1ms)  (pid 11870)
Compiled shares.js  (1ms)  (pid 11870)
Compiled static_pages.js  (0ms)  (pid 11870)
Compiled suggestions.js  (0ms)  (pid 11870)
Compiled application.js  (562ms)  (pid 11870)
Compiled bootstrap_and_overrides.css  (835ms)  (pid 11870)
Compiled parties.css  (165ms)  (pid 11870)
Compiled scaffolds.css  (2ms)  (pid 11870)
Compiled sessions.css  (1ms)  (pid 11870)
Compiled shares.css  (1ms)  (pid 11870)
Compiled static_pages.css  (1ms)  (pid 11870)
Compiled application.css  (1474ms)  (pid 11870)
Compiled jquery.js  (4ms)  (pid 11949)
Compiled jquery_ujs.js  (38ms)  (pid 11949)
Compiled twitter/bootstrap/bootstrap-transition.js  (0ms)  (pid 11949)
Compiled twitter/bootstrap/bootstrap-alert.js  (0ms)  (pid 11949)
Compiled twitter/bootstrap/bootstrap-modal.js  (0ms)  (pid 11949)
Compiled twitter/bootstrap/bootstrap-dropdown.js  (0ms)  (pid 11949)
Compiled twitter/bootstrap/bootstrap-scrollspy.js  (0ms)  (pid 11949)
Compiled twitter/bootstrap/bootstrap-tab.js  (0ms)  (pid 11949)
Compiled twitter/bootstrap/bootstrap-tooltip.js  (0ms)  (pid 11949)
Compiled twitter/bootstrap/bootstrap-popover.js  (0ms)  (pid 11949)
Compiled twitter/bootstrap/bootstrap-button.js  (0ms)  (pid 11949)
Compiled twitter/bootstrap/bootstrap-collapse.js  (0ms)  (pid 11949)
Compiled twitter/bootstrap/bootstrap-carousel.js  (0ms)  (pid 11949)
Compiled twitter/bootstrap/bootstrap-typeahead.js  (0ms)  (pid 11949)
Compiled twitter/bootstrap/bootstrap-affix.js  (0ms)  (pid 11949)
Compiled twitter/bootstrap.js  (159ms)  (pid 11949)
Compiled bootstrap.js  (83ms)  (pid 11949)
Compiled comments.js  (0ms)  (pid 11949)
Compiled parties.js  (0ms)  (pid 11949)
Compiled sessions.js  (0ms)  (pid 11949)
Compiled shares.js  (0ms)  (pid 11949)
Compiled static_pages.js  (0ms)  (pid 11949)
Compiled suggestions.js  (0ms)  (pid 11949)
Compiled application.js  (393ms)  (pid 11949)
Compiled bootstrap_and_overrides.css  (1012ms)  (pid 11949)
Compiled parties.css  (7ms)  (pid 11949)
Compiled scaffolds.css  (1ms)  (pid 11949)
Compiled sessions.css  (1ms)  (pid 11949)
Compiled shares.css  (1ms)  (pid 11949)
Compiled static_pages.css  (1ms)  (pid 11949)
Compiled application.css  (1060ms)  (pid 11949)
Compiled jquery.js  (7ms)  (pid 11949)
Compiled jquery_ujs.js  (1ms)  (pid 11949)
Compiled twitter/bootstrap/bootstrap-transition.js  (0ms)  (pid 11949)
Compiled twitter/bootstrap/bootstrap-alert.js  (0ms)  (pid 11949)
Compiled twitter/bootstrap/bootstrap-modal.js  (2ms)  (pid 11949)
Compiled twitter/bootstrap/bootstrap-dropdown.js  (0ms)  (pid 11949)
Compiled twitter/bootstrap/bootstrap-scrollspy.js  (0ms)  (pid 11949)
Compiled twitter/bootstrap/bootstrap-tab.js  (0ms)  (pid 11949)
Compiled twitter/bootstrap/bootstrap-tooltip.js  (0ms)  (pid 11949)
Compiled twitter/bootstrap/bootstrap-popover.js  (0ms)  (pid 11949)
Compiled twitter/bootstrap/bootstrap-button.js  (0ms)  (pid 11949)
Compiled twitter/bootstrap/bootstrap-collapse.js  (0ms)  (pid 11949)
Compiled twitter/bootstrap/bootstrap-carousel.js  (0ms)  (pid 11949)
Compiled twitter/bootstrap/bootstrap-typeahead.js  (0ms)  (pid 11949)
Compiled twitter/bootstrap/bootstrap-affix.js  (0ms)  (pid 11949)
Compiled twitter/bootstrap.js  (174ms)  (pid 11949)
Compiled bootstrap.js  (87ms)  (pid 11949)
Compiled comments.js  (0ms)  (pid 11949)
Compiled parties.js  (1ms)  (pid 11949)
Compiled sessions.js  (0ms)  (pid 11949)
Compiled shares.js  (0ms)  (pid 11949)
Compiled static_pages.js  (0ms)  (pid 11949)
Compiled suggestions.js  (0ms)  (pid 11949)
Compiled application.js  (432ms)  (pid 11949)
Compiled bootstrap_and_overrides.css  (928ms)  (pid 11949)
Compiled parties.css  (8ms)  (pid 11949)
Compiled scaffolds.css  (1ms)  (pid 11949)
Compiled sessions.css  (1ms)  (pid 11949)
Compiled shares.css  (1ms)  (pid 11949)
Compiled static_pages.css  (1ms)  (pid 11949)
Compiled application.css  (1020ms)  (pid 11949)
Compiled jquery.js  (2ms)  (pid 12108)
Compiled jquery_ujs.js  (0ms)  (pid 12108)
Compiled twitter/bootstrap/bootstrap-transition.js  (0ms)  (pid 12108)
Compiled twitter/bootstrap/bootstrap-alert.js  (0ms)  (pid 12108)
Compiled twitter/bootstrap/bootstrap-modal.js  (0ms)  (pid 12108)
Compiled twitter/bootstrap/bootstrap-dropdown.js  (0ms)  (pid 12108)
Compiled twitter/bootstrap/bootstrap-scrollspy.js  (0ms)  (pid 12108)
Compiled twitter/bootstrap/bootstrap-tab.js  (0ms)  (pid 12108)
Compiled twitter/bootstrap/bootstrap-tooltip.js  (0ms)  (pid 12108)
Compiled twitter/bootstrap/bootstrap-popover.js  (0ms)  (pid 12108)
Compiled twitter/bootstrap/bootstrap-button.js  (0ms)  (pid 12108)
Compiled twitter/bootstrap/bootstrap-collapse.js  (0ms)  (pid 12108)
Compiled twitter/bootstrap/bootstrap-carousel.js  (0ms)  (pid 12108)
Compiled twitter/bootstrap/bootstrap-typeahead.js  (0ms)  (pid 12108)
Compiled twitter/bootstrap/bootstrap-affix.js  (0ms)  (pid 12108)
Compiled twitter/bootstrap.js  (156ms)  (pid 12108)
Compiled bootstrap.js  (87ms)  (pid 12108)
Compiled comments.js  (0ms)  (pid 12108)
Compiled parties.js  (1ms)  (pid 12108)
Compiled sessions.js  (1ms)  (pid 12108)
Compiled shares.js  (0ms)  (pid 12108)
Compiled static_pages.js  (0ms)  (pid 12108)
Compiled suggestions.js  (0ms)  (pid 12108)
Compiled application.js  (1249ms)  (pid 12108)
Compiled bootstrap_and_overrides.css  (1006ms)  (pid 12108)
Compiled parties.css  (7ms)  (pid 12108)
Compiled scaffolds.css  (1ms)  (pid 12108)
Compiled sessions.css  (1ms)  (pid 12108)
Compiled shares.css  (1ms)  (pid 12108)
Compiled static_pages.css  (1ms)  (pid 12108)
Compiled application.css  (1103ms)  (pid 12108)
Compiled jquery.js  (2ms)  (pid 12108)
Compiled jquery_ujs.js  (0ms)  (pid 12108)
Compiled twitter/bootstrap/bootstrap-transition.js  (0ms)  (pid 12108)
Compiled twitter/bootstrap/bootstrap-alert.js  (0ms)  (pid 12108)
Compiled twitter/bootstrap/bootstrap-modal.js  (0ms)  (pid 12108)
Compiled twitter/bootstrap/bootstrap-dropdown.js  (0ms)  (pid 12108)
Compiled twitter/bootstrap/bootstrap-scrollspy.js  (0ms)  (pid 12108)
Compiled twitter/bootstrap/bootstrap-tab.js  (0ms)  (pid 12108)
Compiled twitter/bootstrap/bootstrap-tooltip.js  (0ms)  (pid 12108)
Compiled twitter/bootstrap/bootstrap-popover.js  (0ms)  (pid 12108)
Compiled twitter/bootstrap/bootstrap-button.js  (0ms)  (pid 12108)
Compiled twitter/bootstrap/bootstrap-collapse.js  (0ms)  (pid 12108)
Compiled twitter/bootstrap/bootstrap-carousel.js  (0ms)  (pid 12108)
Compiled twitter/bootstrap/bootstrap-typeahead.js  (0ms)  (pid 12108)
Compiled twitter/bootstrap/bootstrap-affix.js  (0ms)  (pid 12108)
Compiled twitter/bootstrap.js  (839ms)  (pid 12108)
Compiled bootstrap.js  (89ms)  (pid 12108)
Compiled comments.js  (1ms)  (pid 12108)
Compiled parties.js  (0ms)  (pid 12108)
Compiled sessions.js  (0ms)  (pid 12108)
Compiled shares.js  (0ms)  (pid 12108)
Compiled static_pages.js  (0ms)  (pid 12108)
Compiled suggestions.js  (0ms)  (pid 12108)
Compiled application.js  (1561ms)  (pid 12108)
Compiled bootstrap_and_overrides.css  (828ms)  (pid 12108)
Compiled parties.css  (49ms)  (pid 12108)
Compiled scaffolds.css  (1ms)  (pid 12108)
Compiled sessions.css  (1ms)  (pid 12108)
Compiled shares.css  (1ms)  (pid 12108)
Compiled static_pages.css  (1ms)  (pid 12108)
Compiled application.css  (919ms)  (pid 12108)
Compiled jquery.js  (3ms)  (pid 12202)
Compiled jquery_ujs.js  (0ms)  (pid 12202)
Compiled twitter/bootstrap/bootstrap-transition.js  (0ms)  (pid 12202)
Compiled twitter/bootstrap/bootstrap-alert.js  (0ms)  (pid 12202)
Compiled twitter/bootstrap/bootstrap-modal.js  (1ms)  (pid 12202)
Compiled twitter/bootstrap/bootstrap-dropdown.js  (0ms)  (pid 12202)
Compiled twitter/bootstrap/bootstrap-scrollspy.js  (0ms)  (pid 12202)
Compiled twitter/bootstrap/bootstrap-tab.js  (0ms)  (pid 12202)
Compiled twitter/bootstrap/bootstrap-tooltip.js  (0ms)  (pid 12202)
Compiled twitter/bootstrap/bootstrap-popover.js  (0ms)  (pid 12202)
Compiled twitter/bootstrap/bootstrap-button.js  (0ms)  (pid 12202)
Compiled twitter/bootstrap/bootstrap-collapse.js  (0ms)  (pid 12202)
Compiled twitter/bootstrap/bootstrap-carousel.js  (0ms)  (pid 12202)
Compiled twitter/bootstrap/bootstrap-typeahead.js  (0ms)  (pid 12202)
Compiled twitter/bootstrap/bootstrap-affix.js  (0ms)  (pid 12202)
Compiled twitter/bootstrap.js  (160ms)  (pid 12202)
Compiled bootstrap.js  (89ms)  (pid 12202)
Compiled comments.js  (0ms)  (pid 12202)
Compiled parties.js  (1ms)  (pid 12202)
Compiled sessions.js  (0ms)  (pid 12202)
Compiled shares.js  (0ms)  (pid 12202)
Compiled static_pages.js  (1ms)  (pid 12202)
Compiled suggestions.js  (0ms)  (pid 12202)
Compiled application.js  (403ms)  (pid 12202)
Compiled bootstrap_and_overrides.css  (1026ms)  (pid 12202)
Compiled parties.css  (8ms)  (pid 12202)
Compiled scaffolds.css  (1ms)  (pid 12202)
Compiled sessions.css  (1ms)  (pid 12202)
Compiled shares.css  (1ms)  (pid 12202)
Compiled static_pages.css  (1ms)  (pid 12202)
Compiled application.css  (1126ms)  (pid 12202)
Compiled jquery.js  (7ms)  (pid 12202)
Compiled jquery_ujs.js  (0ms)  (pid 12202)
Compiled twitter/bootstrap/bootstrap-transition.js  (0ms)  (pid 12202)
Compiled twitter/bootstrap/bootstrap-alert.js  (0ms)  (pid 12202)
Compiled twitter/bootstrap/bootstrap-modal.js  (0ms)  (pid 12202)
Compiled twitter/bootstrap/bootstrap-dropdown.js  (0ms)  (pid 12202)
Compiled twitter/bootstrap/bootstrap-scrollspy.js  (0ms)  (pid 12202)
Compiled twitter/bootstrap/bootstrap-tab.js  (0ms)  (pid 12202)
Compiled twitter/bootstrap/bootstrap-tooltip.js  (0ms)  (pid 12202)
Compiled twitter/bootstrap/bootstrap-popover.js  (0ms)  (pid 12202)
Compiled twitter/bootstrap/bootstrap-button.js  (0ms)  (pid 12202)
Compiled twitter/bootstrap/bootstrap-collapse.js  (0ms)  (pid 12202)
Compiled twitter/bootstrap/bootstrap-carousel.js  (0ms)  (pid 12202)
Compiled twitter/bootstrap/bootstrap-typeahead.js  (0ms)  (pid 12202)
Compiled twitter/bootstrap/bootstrap-affix.js  (0ms)  (pid 12202)
Compiled twitter/bootstrap.js  (222ms)  (pid 12202)
Compiled bootstrap.js  (101ms)  (pid 12202)
Compiled comments.js  (1ms)  (pid 12202)
Compiled parties.js  (0ms)  (pid 12202)
Compiled sessions.js  (0ms)  (pid 12202)
Compiled shares.js  (0ms)  (pid 12202)
Compiled static_pages.js  (0ms)  (pid 12202)
Compiled suggestions.js  (0ms)  (pid 12202)
Compiled application.js  (725ms)  (pid 12202)
Compiled bootstrap_and_overrides.css  (1028ms)  (pid 12202)
Compiled parties.css  (62ms)  (pid 12202)
Compiled scaffolds.css  (1ms)  (pid 12202)
Compiled sessions.css  (1ms)  (pid 12202)
Compiled shares.css  (1ms)  (pid 12202)
Compiled static_pages.css  (6ms)  (pid 12202)
Compiled application.css  (1221ms)  (pid 12202)
Compiled jquery.js  (2ms)  (pid 12542)
Compiled jquery_ujs.js  (35ms)  (pid 12542)
Compiled twitter/bootstrap/bootstrap-transition.js  (0ms)  (pid 12542)
Compiled twitter/bootstrap/bootstrap-alert.js  (0ms)  (pid 12542)
Compiled twitter/bootstrap/bootstrap-modal.js  (0ms)  (pid 12542)
Compiled twitter/bootstrap/bootstrap-dropdown.js  (0ms)  (pid 12542)
Compiled twitter/bootstrap/bootstrap-scrollspy.js  (0ms)  (pid 12542)
Compiled twitter/bootstrap/bootstrap-tab.js  (0ms)  (pid 12542)
Compiled twitter/bootstrap/bootstrap-tooltip.js  (0ms)  (pid 12542)
Compiled twitter/bootstrap/bootstrap-popover.js  (0ms)  (pid 12542)
Compiled twitter/bootstrap/bootstrap-button.js  (0ms)  (pid 12542)
Compiled twitter/bootstrap/bootstrap-collapse.js  (0ms)  (pid 12542)
Compiled twitter/bootstrap/bootstrap-carousel.js  (0ms)  (pid 12542)
Compiled twitter/bootstrap/bootstrap-typeahead.js  (0ms)  (pid 12542)
Compiled twitter/bootstrap/bootstrap-affix.js  (0ms)  (pid 12542)
Compiled twitter/bootstrap.js  (730ms)  (pid 12542)
Compiled bootstrap.js  (87ms)  (pid 12542)
Compiled comments.js  (0ms)  (pid 12542)
Compiled parties.js  (0ms)  (pid 12542)
Compiled sessions.js  (0ms)  (pid 12542)
Compiled shares.js  (0ms)  (pid 12542)
Compiled static_pages.js  (0ms)  (pid 12542)
Compiled suggestions.js  (0ms)  (pid 12542)
Compiled application.js  (1702ms)  (pid 12542)
Compiled bootstrap_and_overrides.css  (961ms)  (pid 12542)
Compiled parties.css  (7ms)  (pid 12542)
Compiled scaffolds.css  (1ms)  (pid 12542)
Compiled sessions.css  (1ms)  (pid 12542)
Compiled shares.css  (1ms)  (pid 12542)
Compiled static_pages.css  (1ms)  (pid 12542)
Compiled application.css  (1010ms)  (pid 12542)
Compiled jquery.js  (2ms)  (pid 12542)
Compiled jquery_ujs.js  (0ms)  (pid 12542)
Compiled twitter/bootstrap/bootstrap-transition.js  (0ms)  (pid 12542)
Compiled twitter/bootstrap/bootstrap-alert.js  (0ms)  (pid 12542)
Compiled twitter/bootstrap/bootstrap-modal.js  (0ms)  (pid 12542)
Compiled twitter/bootstrap/bootstrap-dropdown.js  (0ms)  (pid 12542)
Compiled twitter/bootstrap/bootstrap-scrollspy.js  (0ms)  (pid 12542)
Compiled twitter/bootstrap/bootstrap-tab.js  (0ms)  (pid 12542)
Compiled twitter/bootstrap/bootstrap-tooltip.js  (0ms)  (pid 12542)
Compiled twitter/bootstrap/bootstrap-popover.js  (0ms)  (pid 12542)
Compiled twitter/bootstrap/bootstrap-button.js  (0ms)  (pid 12542)
Compiled twitter/bootstrap/bootstrap-collapse.js  (0ms)  (pid 12542)
Compiled twitter/bootstrap/bootstrap-carousel.js  (0ms)  (pid 12542)
Compiled twitter/bootstrap/bootstrap-typeahead.js  (0ms)  (pid 12542)
Compiled twitter/bootstrap/bootstrap-affix.js  (0ms)  (pid 12542)
Compiled twitter/bootstrap.js  (929ms)  (pid 12542)
Compiled bootstrap.js  (84ms)  (pid 12542)
Compiled comments.js  (0ms)  (pid 12542)
Compiled parties.js  (0ms)  (pid 12542)
Compiled sessions.js  (0ms)  (pid 12542)
Compiled shares.js  (0ms)  (pid 12542)
Compiled static_pages.js  (0ms)  (pid 12542)
Compiled suggestions.js  (0ms)  (pid 12542)
Compiled application.js  (1711ms)  (pid 12542)
Compiled bootstrap_and_overrides.css  (830ms)  (pid 12542)
Compiled parties.css  (48ms)  (pid 12542)
Compiled scaffolds.css  (1ms)  (pid 12542)
Compiled sessions.css  (1ms)  (pid 12542)
Compiled shares.css  (1ms)  (pid 12542)
Compiled static_pages.css  (1ms)  (pid 12542)
Compiled application.css  (919ms)  (pid 12542)
Compiled jquery.js  (5ms)  (pid 12554)
Compiled jquery_ujs.js  (0ms)  (pid 12554)
Compiled twitter/bootstrap/bootstrap-transition.js  (0ms)  (pid 12554)
Compiled twitter/bootstrap/bootstrap-alert.js  (0ms)  (pid 12554)
Compiled twitter/bootstrap/bootstrap-modal.js  (0ms)  (pid 12554)
Compiled twitter/bootstrap/bootstrap-dropdown.js  (0ms)  (pid 12554)
Compiled twitter/bootstrap/bootstrap-scrollspy.js  (0ms)  (pid 12554)
Compiled twitter/bootstrap/bootstrap-tab.js  (0ms)  (pid 12554)
Compiled twitter/bootstrap/bootstrap-tooltip.js  (0ms)  (pid 12554)
Compiled twitter/bootstrap/bootstrap-popover.js  (0ms)  (pid 12554)
Compiled twitter/bootstrap/bootstrap-button.js  (1ms)  (pid 12554)
Compiled twitter/bootstrap/bootstrap-collapse.js  (0ms)  (pid 12554)
Compiled twitter/bootstrap/bootstrap-carousel.js  (0ms)  (pid 12554)
Compiled twitter/bootstrap/bootstrap-typeahead.js  (0ms)  (pid 12554)
Compiled twitter/bootstrap/bootstrap-affix.js  (0ms)  (pid 12554)
Compiled twitter/bootstrap.js  (193ms)  (pid 12554)
Compiled bootstrap.js  (86ms)  (pid 12554)
Compiled comments.js  (0ms)  (pid 12554)
Compiled parties.js  (0ms)  (pid 12554)
Compiled sessions.js  (0ms)  (pid 12554)
Compiled shares.js  (0ms)  (pid 12554)
Compiled static_pages.js  (0ms)  (pid 12554)
Compiled suggestions.js  (0ms)  (pid 12554)
Compiled application.js  (449ms)  (pid 12554)
Compiled bootstrap_and_overrides.css  (967ms)  (pid 12554)
Compiled parties.css  (7ms)  (pid 12554)
Compiled scaffolds.css  (1ms)  (pid 12554)
Compiled sessions.css  (1ms)  (pid 12554)
Compiled shares.css  (1ms)  (pid 12554)
Compiled static_pages.css  (1ms)  (pid 12554)
Compiled application.css  (1013ms)  (pid 12554)
Compiled jquery.js  (3ms)  (pid 12554)
Compiled jquery_ujs.js  (0ms)  (pid 12554)
Compiled twitter/bootstrap/bootstrap-transition.js  (0ms)  (pid 12554)
Compiled twitter/bootstrap/bootstrap-alert.js  (0ms)  (pid 12554)
Compiled twitter/bootstrap/bootstrap-modal.js  (0ms)  (pid 12554)
Compiled twitter/bootstrap/bootstrap-dropdown.js  (0ms)  (pid 12554)
Compiled twitter/bootstrap/bootstrap-scrollspy.js  (0ms)  (pid 12554)
Compiled twitter/bootstrap/bootstrap-tab.js  (0ms)  (pid 12554)
Compiled twitter/bootstrap/bootstrap-tooltip.js  (0ms)  (pid 12554)
Compiled twitter/bootstrap/bootstrap-popover.js  (0ms)  (pid 12554)
Compiled twitter/bootstrap/bootstrap-button.js  (0ms)  (pid 12554)
Compiled twitter/bootstrap/bootstrap-collapse.js  (0ms)  (pid 12554)
Compiled twitter/bootstrap/bootstrap-carousel.js  (0ms)  (pid 12554)
Compiled twitter/bootstrap/bootstrap-typeahead.js  (0ms)  (pid 12554)
Compiled twitter/bootstrap/bootstrap-affix.js  (0ms)  (pid 12554)
Compiled twitter/bootstrap.js  (988ms)  (pid 12554)
Compiled bootstrap.js  (90ms)  (pid 12554)
Compiled comments.js  (0ms)  (pid 12554)
Compiled parties.js  (0ms)  (pid 12554)
Compiled sessions.js  (0ms)  (pid 12554)
Compiled shares.js  (0ms)  (pid 12554)
Compiled static_pages.js  (0ms)  (pid 12554)
Compiled suggestions.js  (0ms)  (pid 12554)
Compiled application.js  (1669ms)  (pid 12554)
Compiled bootstrap_and_overrides.css  (822ms)  (pid 12554)
Compiled parties.css  (51ms)  (pid 12554)
Compiled scaffolds.css  (1ms)  (pid 12554)
Compiled sessions.css  (1ms)  (pid 12554)
Compiled shares.css  (1ms)  (pid 12554)
Compiled static_pages.css  (1ms)  (pid 12554)
Compiled application.css  (915ms)  (pid 12554)
Compiled jquery.js  (2ms)  (pid 12641)
Compiled jquery_ujs.js  (54ms)  (pid 12641)
Compiled twitter/bootstrap/bootstrap-transition.js  (0ms)  (pid 12641)
Compiled twitter/bootstrap/bootstrap-alert.js  (0ms)  (pid 12641)
Compiled twitter/bootstrap/bootstrap-modal.js  (0ms)  (pid 12641)
Compiled twitter/bootstrap/bootstrap-dropdown.js  (0ms)  (pid 12641)
Compiled twitter/bootstrap/bootstrap-scrollspy.js  (0ms)  (pid 12641)
Compiled twitter/bootstrap/bootstrap-tab.js  (0ms)  (pid 12641)
Compiled twitter/bootstrap/bootstrap-tooltip.js  (0ms)  (pid 12641)
Compiled twitter/bootstrap/bootstrap-popover.js  (0ms)  (pid 12641)
Compiled twitter/bootstrap/bootstrap-button.js  (0ms)  (pid 12641)
Compiled twitter/bootstrap/bootstrap-collapse.js  (0ms)  (pid 12641)
Compiled twitter/bootstrap/bootstrap-carousel.js  (0ms)  (pid 12641)
Compiled twitter/bootstrap/bootstrap-typeahead.js  (0ms)  (pid 12641)
Compiled twitter/bootstrap/bootstrap-affix.js  (0ms)  (pid 12641)
Compiled twitter/bootstrap.js  (172ms)  (pid 12641)
Compiled bootstrap.js  (87ms)  (pid 12641)
Compiled comments.js  (1ms)  (pid 12641)
Compiled parties.js  (0ms)  (pid 12641)
Compiled sessions.js  (0ms)  (pid 12641)
Compiled shares.js  (0ms)  (pid 12641)
Compiled static_pages.js  (0ms)  (pid 12641)
Compiled suggestions.js  (0ms)  (pid 12641)
Compiled application.js  (709ms)  (pid 12641)
Compiled bootstrap_and_overrides.css  (958ms)  (pid 12641)
Compiled parties.css  (7ms)  (pid 12641)
Compiled scaffolds.css  (3ms)  (pid 12641)
Compiled sessions.css  (1ms)  (pid 12641)
Compiled shares.css  (1ms)  (pid 12641)
Compiled static_pages.css  (1ms)  (pid 12641)
Compiled application.css  (1022ms)  (pid 12641)
Compiled jquery.js  (2ms)  (pid 12641)
Compiled jquery_ujs.js  (0ms)  (pid 12641)
Compiled twitter/bootstrap/bootstrap-transition.js  (0ms)  (pid 12641)
Compiled twitter/bootstrap/bootstrap-alert.js  (0ms)  (pid 12641)
Compiled twitter/bootstrap/bootstrap-modal.js  (0ms)  (pid 12641)
Compiled twitter/bootstrap/bootstrap-dropdown.js  (0ms)  (pid 12641)
Compiled twitter/bootstrap/bootstrap-scrollspy.js  (0ms)  (pid 12641)
Compiled twitter/bootstrap/bootstrap-tab.js  (0ms)  (pid 12641)
Compiled twitter/bootstrap/bootstrap-tooltip.js  (0ms)  (pid 12641)
Compiled twitter/bootstrap/bootstrap-popover.js  (0ms)  (pid 12641)
Compiled twitter/bootstrap/bootstrap-button.js  (0ms)  (pid 12641)
Compiled twitter/bootstrap/bootstrap-collapse.js  (0ms)  (pid 12641)
Compiled twitter/bootstrap/bootstrap-carousel.js  (0ms)  (pid 12641)
Compiled twitter/bootstrap/bootstrap-typeahead.js  (0ms)  (pid 12641)
Compiled twitter/bootstrap/bootstrap-affix.js  (0ms)  (pid 12641)
Compiled twitter/bootstrap.js  (1100ms)  (pid 12641)
Compiled bootstrap.js  (96ms)  (pid 12641)
Compiled comments.js  (1ms)  (pid 12641)
Compiled parties.js  (0ms)  (pid 12641)
Compiled sessions.js  (0ms)  (pid 12641)
Compiled shares.js  (0ms)  (pid 12641)
Compiled static_pages.js  (0ms)  (pid 12641)
Compiled suggestions.js  (0ms)  (pid 12641)
Compiled application.js  (1818ms)  (pid 12641)
Compiled bootstrap_and_overrides.css  (1082ms)  (pid 12641)
Compiled parties.css  (125ms)  (pid 12641)
Compiled scaffolds.css  (1ms)  (pid 12641)
Compiled sessions.css  (1ms)  (pid 12641)
Compiled shares.css  (1ms)  (pid 12641)
Compiled static_pages.css  (1ms)  (pid 12641)
Compiled application.css  (1265ms)  (pid 12641)
Compiled jquery.js  (36ms)  (pid 20518)
Compiled jquery_ujs.js  (0ms)  (pid 20518)
Compiled jquery.ui.core.js  (2ms)  (pid 20518)
Compiled jquery.ui.datepicker.js  (11ms)  (pid 20518)
Compiled twitter/bootstrap/bootstrap-transition.js  (0ms)  (pid 20518)
Compiled twitter/bootstrap/bootstrap-alert.js  (0ms)  (pid 20518)
Compiled twitter/bootstrap/bootstrap-modal.js  (0ms)  (pid 20518)
Compiled twitter/bootstrap/bootstrap-dropdown.js  (0ms)  (pid 20518)
Compiled twitter/bootstrap/bootstrap-scrollspy.js  (0ms)  (pid 20518)
Compiled twitter/bootstrap/bootstrap-tab.js  (0ms)  (pid 20518)
Compiled twitter/bootstrap/bootstrap-tooltip.js  (0ms)  (pid 20518)
Compiled twitter/bootstrap/bootstrap-popover.js  (0ms)  (pid 20518)
Compiled twitter/bootstrap/bootstrap-button.js  (0ms)  (pid 20518)
Compiled twitter/bootstrap/bootstrap-collapse.js  (0ms)  (pid 20518)
Compiled twitter/bootstrap/bootstrap-carousel.js  (35ms)  (pid 20518)
Compiled twitter/bootstrap/bootstrap-typeahead.js  (0ms)  (pid 20518)
Compiled twitter/bootstrap/bootstrap-affix.js  (0ms)  (pid 20518)
Compiled twitter/bootstrap.js  (378ms)  (pid 20518)
Compiled bootstrap.js  (106ms)  (pid 20518)
Compiled comments.js  (0ms)  (pid 20518)
Compiled parties.js  (0ms)  (pid 20518)
Compiled sessions.js  (0ms)  (pid 20518)
Compiled shares.js  (0ms)  (pid 20518)
Compiled static_pages.js  (0ms)  (pid 20518)
Compiled suggestions.js  (0ms)  (pid 20518)
Compiled application.js  (877ms)  (pid 20518)
Compiled jquery.ui.core.css  (1ms)  (pid 20518)
Compiled jquery.ui.theme.css  (182ms)  (pid 20518)
Compiled jquery.ui.datepicker.css  (198ms)  (pid 20518)
Compiled bootstrap_and_overrides.css  (1026ms)  (pid 20518)
Compiled parties.css  (126ms)  (pid 20518)
Compiled scaffolds.css  (1ms)  (pid 20518)
Compiled sessions.css  (1ms)  (pid 20518)
Compiled shares.css  (1ms)  (pid 20518)
Compiled static_pages.css  (1ms)  (pid 20518)
Compiled application.css  (1398ms)  (pid 20518)
Compiled jquery.js  (3ms)  (pid 20518)
Compiled jquery_ujs.js  (0ms)  (pid 20518)
Compiled jquery.ui.core.js  (2ms)  (pid 20518)
Compiled jquery.ui.datepicker.js  (11ms)  (pid 20518)
Compiled twitter/bootstrap/bootstrap-transition.js  (0ms)  (pid 20518)
Compiled twitter/bootstrap/bootstrap-alert.js  (0ms)  (pid 20518)
Compiled twitter/bootstrap/bootstrap-modal.js  (0ms)  (pid 20518)
Compiled twitter/bootstrap/bootstrap-dropdown.js  (0ms)  (pid 20518)
Compiled twitter/bootstrap/bootstrap-scrollspy.js  (0ms)  (pid 20518)
Compiled twitter/bootstrap/bootstrap-tab.js  (0ms)  (pid 20518)
Compiled twitter/bootstrap/bootstrap-tooltip.js  (0ms)  (pid 20518)
Compiled twitter/bootstrap/bootstrap-popover.js  (0ms)  (pid 20518)
Compiled twitter/bootstrap/bootstrap-button.js  (0ms)  (pid 20518)
Compiled twitter/bootstrap/bootstrap-collapse.js  (0ms)  (pid 20518)
Compiled twitter/bootstrap/bootstrap-carousel.js  (0ms)  (pid 20518)
Compiled twitter/bootstrap/bootstrap-typeahead.js  (0ms)  (pid 20518)
Compiled twitter/bootstrap/bootstrap-affix.js  (0ms)  (pid 20518)
Compiled twitter/bootstrap.js  (181ms)  (pid 20518)
Compiled bootstrap.js  (82ms)  (pid 20518)
Compiled comments.js  (0ms)  (pid 20518)
Compiled parties.js  (0ms)  (pid 20518)
Compiled sessions.js  (0ms)  (pid 20518)
Compiled shares.js  (0ms)  (pid 20518)
Compiled static_pages.js  (0ms)  (pid 20518)
Compiled suggestions.js  (0ms)  (pid 20518)
Compiled application.js  (394ms)  (pid 20518)
Compiled jquery.ui.core.css  (1ms)  (pid 20518)
Compiled jquery.ui.theme.css  (10ms)  (pid 20518)
Compiled jquery.ui.datepicker.css  (26ms)  (pid 20518)
Compiled bootstrap_and_overrides.css  (892ms)  (pid 20518)
Compiled parties.css  (11ms)  (pid 20518)
Compiled scaffolds.css  (1ms)  (pid 20518)
Compiled sessions.css  (1ms)  (pid 20518)
Compiled shares.css  (1ms)  (pid 20518)
Compiled static_pages.css  (1ms)  (pid 20518)
Compiled application.css  (981ms)  (pid 20518)
Compiled jquery.js  (36ms)  (pid 20759)
Compiled jquery_ujs.js  (0ms)  (pid 20759)
Compiled jquery.ui.core.js  (2ms)  (pid 20759)
Compiled jquery.ui.datepicker.js  (10ms)  (pid 20759)
Compiled twitter/bootstrap/bootstrap-transition.js  (0ms)  (pid 20759)
Compiled twitter/bootstrap/bootstrap-alert.js  (0ms)  (pid 20759)
Compiled twitter/bootstrap/bootstrap-modal.js  (0ms)  (pid 20759)
Compiled twitter/bootstrap/bootstrap-dropdown.js  (0ms)  (pid 20759)
Compiled twitter/bootstrap/bootstrap-scrollspy.js  (0ms)  (pid 20759)
Compiled twitter/bootstrap/bootstrap-tab.js  (0ms)  (pid 20759)
Compiled twitter/bootstrap/bootstrap-tooltip.js  (0ms)  (pid 20759)
Compiled twitter/bootstrap/bootstrap-popover.js  (0ms)  (pid 20759)
Compiled twitter/bootstrap/bootstrap-button.js  (0ms)  (pid 20759)
Compiled twitter/bootstrap/bootstrap-collapse.js  (0ms)  (pid 20759)
Compiled twitter/bootstrap/bootstrap-carousel.js  (34ms)  (pid 20759)
Compiled twitter/bootstrap/bootstrap-typeahead.js  (0ms)  (pid 20759)
Compiled twitter/bootstrap/bootstrap-affix.js  (0ms)  (pid 20759)
Compiled twitter/bootstrap.js  (178ms)  (pid 20759)
Compiled bootstrap.js  (81ms)  (pid 20759)
Compiled comments.js  (0ms)  (pid 20759)
Compiled parties.js  (0ms)  (pid 20759)
Compiled sessions.js  (0ms)  (pid 20759)
Compiled shares.js  (0ms)  (pid 20759)
Compiled static_pages.js  (0ms)  (pid 20759)
Compiled suggestions.js  (0ms)  (pid 20759)
Compiled application.js  (424ms)  (pid 20759)
Compiled jquery.ui.core.css  (1ms)  (pid 20759)
Compiled jquery.ui.theme.css  (167ms)  (pid 20759)
Compiled jquery.ui.datepicker.css  (183ms)  (pid 20759)
Compiled bootstrap_and_overrides.css  (970ms)  (pid 20759)
Compiled parties.css  (7ms)  (pid 20759)
Compiled scaffolds.css  (1ms)  (pid 20759)
Compiled sessions.css  (1ms)  (pid 20759)
Compiled shares.css  (1ms)  (pid 20759)
Compiled static_pages.css  (1ms)  (pid 20759)
Compiled application.css  (1207ms)  (pid 20759)
Compiled jquery.js  (2ms)  (pid 20759)
Compiled jquery_ujs.js  (0ms)  (pid 20759)
Compiled jquery.ui.core.js  (2ms)  (pid 20759)
Compiled jquery.ui.datepicker.js  (10ms)  (pid 20759)
Compiled twitter/bootstrap/bootstrap-transition.js  (0ms)  (pid 20759)
Compiled twitter/bootstrap/bootstrap-alert.js  (0ms)  (pid 20759)
Compiled twitter/bootstrap/bootstrap-modal.js  (0ms)  (pid 20759)
Compiled twitter/bootstrap/bootstrap-dropdown.js  (4ms)  (pid 20759)
Compiled twitter/bootstrap/bootstrap-scrollspy.js  (0ms)  (pid 20759)
Compiled twitter/bootstrap/bootstrap-tab.js  (0ms)  (pid 20759)
Compiled twitter/bootstrap/bootstrap-tooltip.js  (0ms)  (pid 20759)
Compiled twitter/bootstrap/bootstrap-popover.js  (0ms)  (pid 20759)
Compiled twitter/bootstrap/bootstrap-button.js  (0ms)  (pid 20759)
Compiled twitter/bootstrap/bootstrap-collapse.js  (0ms)  (pid 20759)
Compiled twitter/bootstrap/bootstrap-carousel.js  (0ms)  (pid 20759)
Compiled twitter/bootstrap/bootstrap-typeahead.js  (0ms)  (pid 20759)
Compiled twitter/bootstrap/bootstrap-affix.js  (0ms)  (pid 20759)
Compiled twitter/bootstrap.js  (219ms)  (pid 20759)
Compiled bootstrap.js  (83ms)  (pid 20759)
Compiled comments.js  (1ms)  (pid 20759)
Compiled parties.js  (1ms)  (pid 20759)
Compiled sessions.js  (0ms)  (pid 20759)
Compiled shares.js  (0ms)  (pid 20759)
Compiled static_pages.js  (0ms)  (pid 20759)
Compiled suggestions.js  (0ms)  (pid 20759)
Compiled application.js  (441ms)  (pid 20759)
Compiled jquery.ui.core.css  (1ms)  (pid 20759)
Compiled jquery.ui.theme.css  (10ms)  (pid 20759)
Compiled jquery.ui.datepicker.css  (26ms)  (pid 20759)
Compiled bootstrap_and_overrides.css  (862ms)  (pid 20759)
Compiled parties.css  (7ms)  (pid 20759)
Compiled scaffolds.css  (1ms)  (pid 20759)
Compiled sessions.css  (1ms)  (pid 20759)
Compiled shares.css  (1ms)  (pid 20759)
Compiled static_pages.css  (1ms)  (pid 20759)
Compiled application.css  (944ms)  (pid 20759)
